[Architectury Transformer] Architectury Runtime 5.2.83
[Architectury Transformer DEBUG] Closed File Systems for E:\GitHub\cosmic_jewlery\common\build\devlibs\cosmic_jewelry-1.20.4-0.1-PreAlpha-dev.jar
[Architectury Transformer DEBUG] Preparing tiny remapper prepared transformer: dev.architectury.transformer.handler.TinyRemapperPreparedTransformerHandler
[Architectury Transformer DEBUG] Provided 123 classpath jar(s):
[Architectury Transformer DEBUG]  - C:\Users\Usuario\.gradle\caches\modules-2\files-2.1\dev.architectury\architectury-injectables\1.0.10\62db2a366d662606d1b23ad02ccc3212ed37ec3\architectury-injectables-1.0.10.jar
[Architectury Transformer DEBUG]  - C:\Users\Usuario\.gradle\caches\modules-2\files-2.1\net.fabricmc\fabric-loader\0.15.11\9c2be53d84ec5c4fb58bb5b8d9c8a629047c9ee9\fabric-loader-0.15.11.jar
[Architectury Transformer DEBUG]  - C:\Users\Usuario\.gradle\caches\modules-2\files-2.1\org.jetbrains.kotlin\kotlin-stdlib\1.9.24\9928532f12c66ad816a625b3f9984f8368ca6d2b\kotlin-stdlib-1.9.24.jar
[Architectury Transformer DEBUG]  - C:\Users\Usuario\.gradle\caches\modules-2\files-2.1\org.jetbrains\annotations\24.1.0\7af6a669488450c4a07c2c3254e2151df42d7d04\annotations-24.1.0.jar
[Architectury Transformer DEBUG]  - C:\Users\Usuario\.gradle\caches\modules-2\files-2.1\org.ow2.asm\asm\9.6\aa205cf0a06dbd8e04ece91c0b37c3f5d567546a\asm-9.6.jar
[Architectury Transformer DEBUG]  - C:\Users\Usuario\.gradle\caches\modules-2\files-2.1\org.ow2.asm\asm-analysis\9.6\9ce6c7b174bd997fc2552dff47964546bd7a5ec3\asm-analysis-9.6.jar
[Architectury Transformer DEBUG]  - C:\Users\Usuario\.gradle\caches\modules-2\files-2.1\org.ow2.asm\asm-commons\9.6\f1a9e5508eff490744144565c47326c8648be309\asm-commons-9.6.jar
[Architectury Transformer DEBUG]  - C:\Users\Usuario\.gradle\caches\modules-2\files-2.1\org.ow2.asm\asm-tree\9.6\c0cdda9d211e965d2a4448aa3fd86110f2f8c2de\asm-tree-9.6.jar
[Architectury Transformer DEBUG]  - C:\Users\Usuario\.gradle\caches\modules-2\files-2.1\org.ow2.asm\asm-util\9.6\f77caf84eb93786a749b2baa40865b9613e3eaee\asm-util-9.6.jar
[Architectury Transformer DEBUG]  - C:\Users\Usuario\.gradle\caches\modules-2\files-2.1\net.fabricmc\sponge-mixin\0.13.3+mixin.0.8.5\9527e6b0d2449408958fd1302594dc65ec5ade9c\sponge-mixin-0.13.3+mixin.0.8.5.jar
[Architectury Transformer DEBUG]  - C:\Users\Usuario\.gradle\caches\modules-2\files-2.1\io.github.llamalad7\mixinextras-fabric\0.3.5\3b577be20ea942610b3045e4f0cd909fa415a9d3\mixinextras-fabric-0.3.5.jar
[Architectury Transformer DEBUG]  - C:\Users\Usuario\.gradle\caches\modules-2\files-2.1\com.github.oshi\oshi-core\6.4.5\943ba26de047eb6b28fff47f5ee939a34eb5fc8e\oshi-core-6.4.5.jar
[Architectury Transformer DEBUG]  - C:\Users\Usuario\.gradle\caches\modules-2\files-2.1\com.google.code.gson\gson\2.10.1\b3add478d4382b78ea20b1671390a858002feb6c\gson-2.10.1.jar
[Architectury Transformer DEBUG]  - C:\Users\Usuario\.gradle\caches\modules-2\files-2.1\com.google.guava\failureaccess\1.0.1\1dcf1de382a0bf95a3d8b0849546c88bac1292c9\failureaccess-1.0.1.jar
[Architectury Transformer DEBUG]  - C:\Users\Usuario\.gradle\caches\modules-2\files-2.1\com.google.guava\guava\32.1.2-jre\5e64ec7e056456bef3a4bc4c6fdaef71e8ab6318\guava-32.1.2-jre.jar
[Architectury Transformer DEBUG]  - C:\Users\Usuario\.gradle\caches\modules-2\files-2.1\com.ibm.icu\icu4j\73.2\61ad4ef7f9131fcf6d25c34b817f90d6da06c9e9\icu4j-73.2.jar
[Architectury Transformer DEBUG]  - C:\Users\Usuario\.gradle\caches\modules-2\files-2.1\com.mojang\authlib\6.0.52\65085e2eb921c4a3ebdde3d248637f1776e6d80d\authlib-6.0.52.jar
[Architectury Transformer DEBUG]  - C:\Users\Usuario\.gradle\caches\modules-2\files-2.1\com.mojang\blocklist\1.0.10\5c685c5ffa94c4cd39496c7184c1d122e515ecef\blocklist-1.0.10.jar
[Architectury Transformer DEBUG]  - C:\Users\Usuario\.gradle\caches\modules-2\files-2.1\com.mojang\brigadier\1.2.9\73e324f2ee541493a5179abf367237faa782ed21\brigadier-1.2.9.jar
[Architectury Transformer DEBUG]  - C:\Users\Usuario\.gradle\caches\modules-2\files-2.1\com.mojang\datafixerupper\6.0.8\3ba4a30557a9b057760af4011f909ba619fc5125\datafixerupper-6.0.8.jar
[Architectury Transformer DEBUG]  - C:\Users\Usuario\.gradle\caches\modules-2\files-2.1\com.mojang\logging\1.1.1\832b8e6674a9b325a5175a3a6267dfaf34c85139\logging-1.1.1.jar
[Architectury Transformer DEBUG]  - C:\Users\Usuario\.gradle\caches\modules-2\files-2.1\com.mojang\patchy\2.2.10\da05971b07cbb379d002cf7eaec6a2048211fefc\patchy-2.2.10.jar
[Architectury Transformer DEBUG]  - C:\Users\Usuario\.gradle\caches\modules-2\files-2.1\com.mojang\text2speech\1.17.9\3cad216e3a7f0c19b4b394388bc9ffc446f13b14\text2speech-1.17.9.jar
[Architectury Transformer DEBUG]  - C:\Users\Usuario\.gradle\caches\modules-2\files-2.1\commons-codec\commons-codec\1.16.0\4e3eb3d79888d76b54e28b350915b5dc3919c9de\commons-codec-1.16.0.jar
[Architectury Transformer DEBUG]  - C:\Users\Usuario\.gradle\caches\modules-2\files-2.1\commons-io\commons-io\2.13.0\8bb2bc9b4df17e2411533a0708a69f983bf5e83b\commons-io-2.13.0.jar
[Architectury Transformer DEBUG]  - C:\Users\Usuario\.gradle\caches\modules-2\files-2.1\commons-logging\commons-logging\1.2\4bfc12adfe4842bf07b657f0369c4cb522955686\commons-logging-1.2.jar
[Architectury Transformer DEBUG]  - C:\Users\Usuario\.gradle\caches\modules-2\files-2.1\io.netty\netty-buffer\4.1.97.Final\f8f3d8644afa5e6e1a40a3a6aeb9d9aa970ecb4f\netty-buffer-4.1.97.Final.jar
[Architectury Transformer DEBUG]  - C:\Users\Usuario\.gradle\caches\modules-2\files-2.1\io.netty\netty-codec\4.1.97.Final\384ba4d75670befbedb45c4d3b497a93639c206d\netty-codec-4.1.97.Final.jar
[Architectury Transformer DEBUG]  - C:\Users\Usuario\.gradle\caches\modules-2\files-2.1\io.netty\netty-common\4.1.97.Final\7cceacaf11df8dc63f23d0fb58e9d4640fc88404\netty-common-4.1.97.Final.jar
[Architectury Transformer DEBUG]  - C:\Users\Usuario\.gradle\caches\modules-2\files-2.1\io.netty\netty-handler\4.1.97.Final\abb86c6906bf512bf2b797a41cd7d2e8d3cd7c36\netty-handler-4.1.97.Final.jar
[Architectury Transformer DEBUG]  - C:\Users\Usuario\.gradle\caches\modules-2\files-2.1\io.netty\netty-resolver\4.1.97.Final\cec8348108dc76c47cf87c669d514be52c922144\netty-resolver-4.1.97.Final.jar
[Architectury Transformer DEBUG]  - C:\Users\Usuario\.gradle\caches\modules-2\files-2.1\io.netty\netty-transport-classes-epoll\4.1.97.Final\795da37ded759e862457a82d9d92c4d39ce8ecee\netty-transport-classes-epoll-4.1.97.Final.jar
[Architectury Transformer DEBUG]  - C:\Users\Usuario\.gradle\caches\modules-2\files-2.1\io.netty\netty-transport-native-unix-common\4.1.97.Final\d469d84265ab70095b01b40886cabdd433b6e664\netty-transport-native-unix-common-4.1.97.Final.jar
[Architectury Transformer DEBUG]  - C:\Users\Usuario\.gradle\caches\modules-2\files-2.1\io.netty\netty-transport\4.1.97.Final\f37380d23c9bb079bc702910833b2fd532c9abd0\netty-transport-4.1.97.Final.jar
[Architectury Transformer DEBUG]  - C:\Users\Usuario\.gradle\caches\modules-2\files-2.1\it.unimi.dsi\fastutil\8.5.12\c24946d46824bd528054bface3231d2ecb7e95e8\fastutil-8.5.12.jar
[Architectury Transformer DEBUG]  - C:\Users\Usuario\.gradle\caches\modules-2\files-2.1\net.java.dev.jna\jna-platform\5.13.0\88e9a306715e9379f3122415ef4ae759a352640d\jna-platform-5.13.0.jar
[Architectury Transformer DEBUG]  - C:\Users\Usuario\.gradle\caches\modules-2\files-2.1\net.java.dev.jna\jna\5.13.0\1200e7ebeedbe0d10062093f32925a912020e747\jna-5.13.0.jar
[Architectury Transformer DEBUG]  - C:\Users\Usuario\.gradle\caches\modules-2\files-2.1\net.sf.jopt-simple\jopt-simple\5.0.4\4fdac2fbe92dfad86aa6e9301736f6b4342a3f5c\jopt-simple-5.0.4.jar
[Architectury Transformer DEBUG]  - C:\Users\Usuario\.gradle\caches\modules-2\files-2.1\org.apache.commons\commons-compress\1.22\691a8b4e6cf4248c3bc72c8b719337d5cb7359fa\commons-compress-1.22.jar
[Architectury Transformer DEBUG]  - C:\Users\Usuario\.gradle\caches\modules-2\files-2.1\org.apache.commons\commons-lang3\3.13.0\b7263237aa89c1f99b327197c41d0669707a462e\commons-lang3-3.13.0.jar
[Architectury Transformer DEBUG]  - C:\Users\Usuario\.gradle\caches\modules-2\files-2.1\org.apache.httpcomponents\httpclient\4.5.13\e5f6cae5ca7ecaac1ec2827a9e2d65ae2869cada\httpclient-4.5.13.jar
[Architectury Transformer DEBUG]  - C:\Users\Usuario\.gradle\caches\modules-2\files-2.1\org.apache.httpcomponents\httpcore\4.4.16\51cf043c87253c9f58b539c9f7e44c8894223850\httpcore-4.4.16.jar
[Architectury Transformer DEBUG]  - C:\Users\Usuario\.gradle\caches\modules-2\files-2.1\org.apache.logging.log4j\log4j-api\2.19.0\ea1b37f38c327596b216542bc636cfdc0b8036fa\log4j-api-2.19.0.jar
[Architectury Transformer DEBUG]  - C:\Users\Usuario\.gradle\caches\modules-2\files-2.1\org.apache.logging.log4j\log4j-core\2.19.0\3b6eeb4de4c49c0fe38a4ee27188ff5fee44d0bb\log4j-core-2.19.0.jar
[Architectury Transformer DEBUG]  - C:\Users\Usuario\.gradle\caches\modules-2\files-2.1\org.apache.logging.log4j\log4j-slf4j2-impl\2.19.0\5c04bfdd63ce9dceb2e284b81e96b6a70010ee10\log4j-slf4j2-impl-2.19.0.jar
[Architectury Transformer DEBUG]  - C:\Users\Usuario\.gradle\caches\modules-2\files-2.1\org.joml\joml\1.10.5\22566d58af70ad3d72308bab63b8339906deb649\joml-1.10.5.jar
[Architectury Transformer DEBUG]  - C:\Users\Usuario\.gradle\caches\modules-2\files-2.1\org.lwjgl\lwjgl-glfw\3.3.2\757920418805fb90bfebb3d46b1d9e7669fca2eb\lwjgl-glfw-3.3.2.jar
[Architectury Transformer DEBUG]  - C:\Users\Usuario\.gradle\caches\modules-2\files-2.1\org.lwjgl\lwjgl-jemalloc\3.3.2\877e17e39ebcd58a9c956dc3b5b777813de0873a\lwjgl-jemalloc-3.3.2.jar
[Architectury Transformer DEBUG]  - C:\Users\Usuario\.gradle\caches\modules-2\files-2.1\org.lwjgl\lwjgl-openal\3.3.2\ae5357ed6d934546d3533993ea84c0cfb75eed95\lwjgl-openal-3.3.2.jar
[Architectury Transformer DEBUG]  - C:\Users\Usuario\.gradle\caches\modules-2\files-2.1\org.lwjgl\lwjgl-opengl\3.3.2\ee8e95be0b438602038bc1f02dc5e3d011b1b216\lwjgl-opengl-3.3.2.jar
[Architectury Transformer DEBUG]  - C:\Users\Usuario\.gradle\caches\modules-2\files-2.1\org.lwjgl\lwjgl-stb\3.3.2\a2550795014d622b686e9caac50b14baa87d2c70\lwjgl-stb-3.3.2.jar
[Architectury Transformer DEBUG]  - C:\Users\Usuario\.gradle\caches\modules-2\files-2.1\org.lwjgl\lwjgl-tinyfd\3.3.2\9f65c248dd77934105274fcf8351abb75b34327c\lwjgl-tinyfd-3.3.2.jar
[Architectury Transformer DEBUG]  - C:\Users\Usuario\.gradle\caches\modules-2\files-2.1\org.lwjgl\lwjgl\3.3.2\4421d94af68e35dcaa31737a6fc59136a1e61b94\lwjgl-3.3.2.jar
[Architectury Transformer DEBUG]  - C:\Users\Usuario\.gradle\caches\modules-2\files-2.1\org.slf4j\slf4j-api\2.0.7\41eb7184ea9d556f23e18b5cb99cad1f8581fc00\slf4j-api-2.0.7.jar
[Architectury Transformer DEBUG]  - E:\GitHub\cosmic_jewlery\.gradle\loom-cache\minecraftMaven\net\minecraft\minecraft-merged-23660ddedf\1.20.4-loom.mappings.1_20_4.layered+hash.40545-v2\minecraft-merged-23660ddedf-1.20.4-loom.mappings.1_20_4.layered+hash.40545-v2.jar
[Architectury Transformer DEBUG]  - C:\Users\Usuario\.gradle\caches\modules-2\files-2.1\io.netty\netty-transport-native-epoll\4.1.97.Final\54188f271e388e7f313aea995e82f58ce2cdb809\netty-transport-native-epoll-4.1.97.Final-linux-x86_64.jar
[Architectury Transformer DEBUG]  - C:\Users\Usuario\.gradle\caches\modules-2\files-2.1\io.netty\netty-transport-native-epoll\4.1.97.Final\5514744c588190ffda076b35a9b8c9f24946a960\netty-transport-native-epoll-4.1.97.Final-linux-aarch_64.jar
[Architectury Transformer DEBUG]  - C:\Users\Usuario\.gradle\caches\modules-2\files-2.1\org.jetbrains.kotlin\kotlin-stdlib-jdk8\1.8.22\b25c86d47d6b962b9cf0f8c3f320c8a10eea3dd1\kotlin-stdlib-jdk8-1.8.22.jar
[Architectury Transformer DEBUG]  - C:\Users\Usuario\.gradle\caches\modules-2\files-2.1\org.jetbrains.kotlin\kotlin-stdlib-jdk7\1.8.22\4dabb8248310d833bb6a8b516024a91fd3d275c\kotlin-stdlib-jdk7-1.8.22.jar
[Architectury Transformer DEBUG]  - C:\Users\Usuario\.gradle\caches\modules-2\files-2.1\org.jetbrains.kotlin\kotlin-reflect\1.9.24\767f8e3d382a98e2d5a465abe36be2b7019a7be4\kotlin-reflect-1.9.24.jar
[Architectury Transformer DEBUG]  - C:\Users\Usuario\.gradle\caches\modules-2\files-2.1\org.jetbrains.kotlinx\kotlinx-coroutines-core\1.8.0\347b5a25f52fe3cb4f5067ff8fe59736583d25da\kotlinx-coroutines-core-1.8.0.jar
[Architectury Transformer DEBUG]  - C:\Users\Usuario\.gradle\caches\modules-2\files-2.1\org.jetbrains.kotlinx\kotlinx-coroutines-jdk8\1.8.0\a7c63486111905ed7de8c85bb309fe7989f665c1\kotlinx-coroutines-jdk8-1.8.0.jar
[Architectury Transformer DEBUG]  - C:\Users\Usuario\.gradle\caches\modules-2\files-2.1\org.jetbrains.kotlinx\kotlinx-coroutines-core-jvm\1.8.0\ac1dc37a30a93150b704022f8d895ee1bd3a36b3\kotlinx-coroutines-core-jvm-1.8.0.jar
[Architectury Transformer DEBUG]  - C:\Users\Usuario\.gradle\caches\modules-2\files-2.1\org.jetbrains.kotlinx\kotlinx-serialization-json-jvm\1.6.3\2241746853abf04073e3ab0dcd9e6729d363b313\kotlinx-serialization-json-jvm-1.6.3.jar
[Architectury Transformer DEBUG]  - C:\Users\Usuario\.gradle\caches\modules-2\files-2.1\org.jetbrains.kotlinx\kotlinx-serialization-cbor-jvm\1.6.3\ad02def02f1e4d492b5fcf1967f805d5eeb47eeb\kotlinx-serialization-cbor-jvm-1.6.3.jar
[Architectury Transformer DEBUG]  - C:\Users\Usuario\.gradle\caches\modules-2\files-2.1\org.jetbrains.kotlinx\kotlinx-serialization-core-jvm\1.6.3\6b6c17d0312ba7192893adea9d52959941d0119b\kotlinx-serialization-core-jvm-1.6.3.jar
[Architectury Transformer DEBUG]  - C:\Users\Usuario\.gradle\caches\modules-2\files-2.1\org.jetbrains.kotlinx\kotlinx-datetime-jvm\0.5.0\8882b30187d18d2dcb5e22587447485e6f42dfb3\kotlinx-datetime-jvm-0.5.0.jar
[Architectury Transformer DEBUG]  - C:\Users\Usuario\.gradle\caches\modules-2\files-2.1\org.jetbrains.kotlinx\atomicfu-jvm\0.24.0\a4601dc42dceb031a586058e8356ff778a57dea0\atomicfu-jvm-0.24.0.jar
[Architectury Transformer DEBUG]  - C:\Users\Usuario\.gradle\caches\modules-2\files-2.1\org.jetbrains.kotlin\kotlin-stdlib-common\1.9.22\1a7ef41fd8ea66da8184088b39e5fbf641ecda12\kotlin-stdlib-common-1.9.22.jar
[Architectury Transformer DEBUG]  - E:\GitHub\cosmic_jewlery\.gradle\loom-cache\remapped_mods\loom_mappings_1_20_4_layered_hash_40545_v2\net\fabricmc\fabric-language-kotlin\1.10.20+kotlin.1.9.24\fabric-language-kotlin-1.10.20+kotlin.1.9.24.jar
[Architectury Transformer DEBUG]  - E:\GitHub\cosmic_jewlery\.gradle\loom-cache\remapped_mods\loom_mappings_1_20_4_layered_hash_40545_v2\net\fabricmc\fabric-api\fabric-api\0.97.0+1.20.4\fabric-api-0.97.0+1.20.4.jar
[Architectury Transformer DEBUG]  - E:\GitHub\cosmic_jewlery\.gradle\loom-cache\remapped_mods\loom_mappings_1_20_4_layered_hash_40545_v2\dev\architectury\architectury-fabric\11.1.17\architectury-fabric-11.1.17.jar
[Architectury Transformer DEBUG]  - E:\GitHub\cosmic_jewlery\.gradle\loom-cache\remapped_mods\loom_mappings_1_20_4_layered_hash_40545_v2\net\fabricmc\fabric-api\fabric-transfer-api-v1\4.0.12+90f2d7b14f\fabric-transfer-api-v1-4.0.12+90f2d7b14f.jar
[Architectury Transformer DEBUG]  - E:\GitHub\cosmic_jewlery\.gradle\loom-cache\remapped_mods\loom_mappings_1_20_4_layered_hash_40545_v2\net\fabricmc\fabric-api\fabric-api-lookup-api-v1\1.6.50+82b1bb3e4f\fabric-api-lookup-api-v1-1.6.50+82b1bb3e4f.jar
[Architectury Transformer DEBUG]  - E:\GitHub\cosmic_jewlery\.gradle\loom-cache\remapped_mods\loom_mappings_1_20_4_layered_hash_40545_v2\net\fabricmc\fabric-api\fabric-blockrenderlayer-v1\1.1.47+78d798af4f\fabric-blockrenderlayer-v1-1.1.47+78d798af4f.jar
[Architectury Transformer DEBUG]  - E:\GitHub\cosmic_jewlery\.gradle\loom-cache\remapped_mods\loom_mappings_1_20_4_layered_hash_40545_v2\net\fabricmc\fabric-api\fabric-client-tags-api-v1\1.1.8+78d798af4f\fabric-client-tags-api-v1-1.1.8+78d798af4f.jar
[Architectury Transformer DEBUG]  - E:\GitHub\cosmic_jewlery\.gradle\loom-cache\remapped_mods\loom_mappings_1_20_4_layered_hash_40545_v2\net\fabricmc\fabric-api\fabric-command-api-v1\1.2.42+f71b366f4f\fabric-command-api-v1-1.2.42+f71b366f4f.jar
[Architectury Transformer DEBUG]  - E:\GitHub\cosmic_jewlery\.gradle\loom-cache\remapped_mods\loom_mappings_1_20_4_layered_hash_40545_v2\net\fabricmc\fabric-api\fabric-commands-v0\0.2.59+df3654b34f\fabric-commands-v0-0.2.59+df3654b34f.jar
[Architectury Transformer DEBUG]  - E:\GitHub\cosmic_jewlery\.gradle\loom-cache\remapped_mods\loom_mappings_1_20_4_layered_hash_40545_v2\net\fabricmc\fabric-api\fabric-command-api-v2\2.2.21+78d798af4f\fabric-command-api-v2-2.2.21+78d798af4f.jar
[Architectury Transformer DEBUG]  - E:\GitHub\cosmic_jewlery\.gradle\loom-cache\remapped_mods\loom_mappings_1_20_4_layered_hash_40545_v2\net\fabricmc\fabric-api\fabric-content-registries-v0\5.0.16+78d798af4f\fabric-content-registries-v0-5.0.16+78d798af4f.jar
[Architectury Transformer DEBUG]  - E:\GitHub\cosmic_jewlery\.gradle\loom-cache\remapped_mods\loom_mappings_1_20_4_layered_hash_40545_v2\net\fabricmc\fabric-api\fabric-convention-tags-v1\1.5.11+78d798af4f\fabric-convention-tags-v1-1.5.11+78d798af4f.jar
[Architectury Transformer DEBUG]  - E:\GitHub\cosmic_jewlery\.gradle\loom-cache\remapped_mods\loom_mappings_1_20_4_layered_hash_40545_v2\net\fabricmc\fabric-api\fabric-data-attachment-api-v1\1.1.5+b90db5744f\fabric-data-attachment-api-v1-1.1.5+b90db5744f.jar
[Architectury Transformer DEBUG]  - E:\GitHub\cosmic_jewlery\.gradle\loom-cache\remapped_mods\loom_mappings_1_20_4_layered_hash_40545_v2\net\fabricmc\fabric-api\fabric-data-generation-api-v1\13.2.5+5c0133444f\fabric-data-generation-api-v1-13.2.5+5c0133444f.jar
[Architectury Transformer DEBUG]  - E:\GitHub\cosmic_jewlery\.gradle\loom-cache\remapped_mods\loom_mappings_1_20_4_layered_hash_40545_v2\net\fabricmc\fabric-api\fabric-dimensions-v1\2.1.62+78d798af4f\fabric-dimensions-v1-2.1.62+78d798af4f.jar
[Architectury Transformer DEBUG]  - E:\GitHub\cosmic_jewlery\.gradle\loom-cache\remapped_mods\loom_mappings_1_20_4_layered_hash_40545_v2\net\fabricmc\fabric-api\fabric-entity-events-v1\1.6.2+09fc25014f\fabric-entity-events-v1-1.6.2+09fc25014f.jar
[Architectury Transformer DEBUG]  - E:\GitHub\cosmic_jewlery\.gradle\loom-cache\remapped_mods\loom_mappings_1_20_4_layered_hash_40545_v2\net\fabricmc\fabric-api\fabric-events-interaction-v0\0.7.2+389931eb4f\fabric-events-interaction-v0-0.7.2+389931eb4f.jar
[Architectury Transformer DEBUG]  - E:\GitHub\cosmic_jewlery\.gradle\loom-cache\remapped_mods\loom_mappings_1_20_4_layered_hash_40545_v2\net\fabricmc\fabric-api\fabric-gametest-api-v1\1.3.6+85d85a934f\fabric-gametest-api-v1-1.3.6+85d85a934f.jar
[Architectury Transformer DEBUG]  - E:\GitHub\cosmic_jewlery\.gradle\loom-cache\remapped_mods\loom_mappings_1_20_4_layered_hash_40545_v2\net\fabricmc\fabric-api\fabric-events-lifecycle-v0\0.2.75+df3654b34f\fabric-events-lifecycle-v0-0.2.75+df3654b34f.jar
[Architectury Transformer DEBUG]  - E:\GitHub\cosmic_jewlery\.gradle\loom-cache\remapped_mods\loom_mappings_1_20_4_layered_hash_40545_v2\net\fabricmc\fabric-api\fabric-item-api-v1\2.3.0+bcdd12964f\fabric-item-api-v1-2.3.0+bcdd12964f.jar
[Architectury Transformer DEBUG]  - E:\GitHub\cosmic_jewlery\.gradle\loom-cache\remapped_mods\loom_mappings_1_20_4_layered_hash_40545_v2\net\fabricmc\fabric-api\fabric-item-group-api-v1\4.0.27+ee30b13a4f\fabric-item-group-api-v1-4.0.27+ee30b13a4f.jar
[Architectury Transformer DEBUG]  - E:\GitHub\cosmic_jewlery\.gradle\loom-cache\remapped_mods\loom_mappings_1_20_4_layered_hash_40545_v2\net\fabricmc\fabric-api\fabric-mining-level-api-v1\2.1.66+78d798af4f\fabric-mining-level-api-v1-2.1.66+78d798af4f.jar
[Architectury Transformer DEBUG]  - E:\GitHub\cosmic_jewlery\.gradle\loom-cache\remapped_mods\loom_mappings_1_20_4_layered_hash_40545_v2\net\fabricmc\fabric-api\fabric-lifecycle-events-v1\2.3.1+a67ffb5d4f\fabric-lifecycle-events-v1-2.3.1+a67ffb5d4f.jar
[Architectury Transformer DEBUG]  - E:\GitHub\cosmic_jewlery\.gradle\loom-cache\remapped_mods\loom_mappings_1_20_4_layered_hash_40545_v2\net\fabricmc\fabric-api\fabric-loot-api-v2\2.1.10+78d798af4f\fabric-loot-api-v2-2.1.10+78d798af4f.jar
[Architectury Transformer DEBUG]  - E:\GitHub\cosmic_jewlery\.gradle\loom-cache\remapped_mods\loom_mappings_1_20_4_layered_hash_40545_v2\net\fabricmc\fabric-api\fabric-message-api-v1\6.0.6+78d798af4f\fabric-message-api-v1-6.0.6+78d798af4f.jar
[Architectury Transformer DEBUG]  - E:\GitHub\cosmic_jewlery\.gradle\loom-cache\remapped_mods\loom_mappings_1_20_4_layered_hash_40545_v2\net\fabricmc\fabric-api\fabric-models-v0\0.4.8+9386d8a74f\fabric-models-v0-0.4.8+9386d8a74f.jar
[Architectury Transformer DEBUG]  - E:\GitHub\cosmic_jewlery\.gradle\loom-cache\remapped_mods\loom_mappings_1_20_4_layered_hash_40545_v2\net\fabricmc\fabric-api\fabric-model-loading-api-v1\1.0.9+78d798af4f\fabric-model-loading-api-v1-1.0.9+78d798af4f.jar
[Architectury Transformer DEBUG]  - E:\GitHub\cosmic_jewlery\.gradle\loom-cache\remapped_mods\loom_mappings_1_20_4_layered_hash_40545_v2\net\fabricmc\fabric-api\fabric-recipe-api-v1\2.0.21+78d798af4f\fabric-recipe-api-v1-2.0.21+78d798af4f.jar
[Architectury Transformer DEBUG]  - E:\GitHub\cosmic_jewlery\.gradle\loom-cache\remapped_mods\loom_mappings_1_20_4_layered_hash_40545_v2\net\fabricmc\fabric-api\fabric-registry-sync-v0\4.0.20+ee30b13a4f\fabric-registry-sync-v0-4.0.20+ee30b13a4f.jar
[Architectury Transformer DEBUG]  - E:\GitHub\cosmic_jewlery\.gradle\loom-cache\remapped_mods\loom_mappings_1_20_4_layered_hash_40545_v2\net\fabricmc\fabric-api\fabric-screen-handler-api-v1\1.3.56+78d798af4f\fabric-screen-handler-api-v1-1.3.56+78d798af4f.jar
[Architectury Transformer DEBUG]  - E:\GitHub\cosmic_jewlery\.gradle\loom-cache\remapped_mods\loom_mappings_1_20_4_layered_hash_40545_v2\net\fabricmc\fabric-api\fabric-containers-v0\0.1.87+df3654b34f\fabric-containers-v0-0.1.87+df3654b34f.jar
[Architectury Transformer DEBUG]  - E:\GitHub\cosmic_jewlery\.gradle\loom-cache\remapped_mods\loom_mappings_1_20_4_layered_hash_40545_v2\net\fabricmc\fabric-api\fabric-networking-api-v1\3.1.8+2e5ac5484f\fabric-networking-api-v1-3.1.8+2e5ac5484f.jar
[Architectury Transformer DEBUG]  - E:\GitHub\cosmic_jewlery\.gradle\loom-cache\remapped_mods\loom_mappings_1_20_4_layered_hash_40545_v2\net\fabricmc\fabric-api\fabric-object-builder-api-v1\13.1.0+dba1195c4f\fabric-object-builder-api-v1-13.1.0+dba1195c4f.jar
[Architectury Transformer DEBUG]  - E:\GitHub\cosmic_jewlery\.gradle\loom-cache\remapped_mods\loom_mappings_1_20_4_layered_hash_40545_v2\net\fabricmc\fabric-api\fabric-particles-v1\1.1.8+78d798af4f\fabric-particles-v1-1.1.8+78d798af4f.jar
[Architectury Transformer DEBUG]  - E:\GitHub\cosmic_jewlery\.gradle\loom-cache\remapped_mods\loom_mappings_1_20_4_layered_hash_40545_v2\net\fabricmc\fabric-api\fabric-renderer-indigo\1.5.5+78d798af4f\fabric-renderer-indigo-1.5.5+78d798af4f.jar
[Architectury Transformer DEBUG]  - E:\GitHub\cosmic_jewlery\.gradle\loom-cache\remapped_mods\loom_mappings_1_20_4_layered_hash_40545_v2\net\fabricmc\fabric-api\fabric-renderer-api-v1\3.2.5+78d798af4f\fabric-renderer-api-v1-3.2.5+78d798af4f.jar
[Architectury Transformer DEBUG]  - E:\GitHub\cosmic_jewlery\.gradle\loom-cache\remapped_mods\loom_mappings_1_20_4_layered_hash_40545_v2\net\fabricmc\fabric-api\fabric-rendering-fluids-v1\3.1.2+e761c6694f\fabric-rendering-fluids-v1-3.1.2+e761c6694f.jar
[Architectury Transformer DEBUG]  - E:\GitHub\cosmic_jewlery\.gradle\loom-cache\remapped_mods\loom_mappings_1_20_4_layered_hash_40545_v2\net\fabricmc\fabric-api\fabric-renderer-registries-v1\3.2.54+df3654b34f\fabric-renderer-registries-v1-3.2.54+df3654b34f.jar
[Architectury Transformer DEBUG]  - E:\GitHub\cosmic_jewlery\.gradle\loom-cache\remapped_mods\loom_mappings_1_20_4_layered_hash_40545_v2\net\fabricmc\fabric-api\fabric-rendering-v0\1.1.57+df3654b34f\fabric-rendering-v0-1.1.57+df3654b34f.jar
[Architectury Transformer DEBUG]  - E:\GitHub\cosmic_jewlery\.gradle\loom-cache\remapped_mods\loom_mappings_1_20_4_layered_hash_40545_v2\net\fabricmc\fabric-api\fabric-rendering-v1\3.2.1+6fd945a04f\fabric-rendering-v1-3.2.1+6fd945a04f.jar
[Architectury Transformer DEBUG]  - E:\GitHub\cosmic_jewlery\.gradle\loom-cache\remapped_mods\loom_mappings_1_20_4_layered_hash_40545_v2\net\fabricmc\fabric-api\fabric-screen-api-v1\2.0.18+78d798af4f\fabric-screen-api-v1-2.0.18+78d798af4f.jar
[Architectury Transformer DEBUG]  - E:\GitHub\cosmic_jewlery\.gradle\loom-cache\remapped_mods\loom_mappings_1_20_4_layered_hash_40545_v2\net\fabricmc\fabric-api\fabric-api-base\0.4.37+78d798af4f\fabric-api-base-0.4.37+78d798af4f.jar
[Architectury Transformer DEBUG]  - E:\GitHub\cosmic_jewlery\.gradle\loom-cache\remapped_mods\loom_mappings_1_20_4_layered_hash_40545_v2\net\fabricmc\fabric-api\fabric-biome-api-v1\13.0.17+78d798af4f\fabric-biome-api-v1-13.0.17+78d798af4f.jar
[Architectury Transformer DEBUG]  - E:\GitHub\cosmic_jewlery\.gradle\loom-cache\remapped_mods\loom_mappings_1_20_4_layered_hash_40545_v2\net\fabricmc\fabric-api\fabric-block-api-v1\1.0.17+3e2216cb4f\fabric-block-api-v1-1.0.17+3e2216cb4f.jar
[Architectury Transformer DEBUG]  - E:\GitHub\cosmic_jewlery\.gradle\loom-cache\remapped_mods\loom_mappings_1_20_4_layered_hash_40545_v2\net\fabricmc\fabric-api\fabric-rendering-data-attachment-v1\0.3.43+73761d2e4f\fabric-rendering-data-attachment-v1-0.3.43+73761d2e4f.jar
[Architectury Transformer DEBUG]  - E:\GitHub\cosmic_jewlery\.gradle\loom-cache\remapped_mods\loom_mappings_1_20_4_layered_hash_40545_v2\net\fabricmc\fabric-api\fabric-block-view-api-v2\1.0.5+78d798af4f\fabric-block-view-api-v2-1.0.5+78d798af4f.jar
[Architectury Transformer DEBUG]  - E:\GitHub\cosmic_jewlery\.gradle\loom-cache\remapped_mods\loom_mappings_1_20_4_layered_hash_40545_v2\net\fabricmc\fabric-api\fabric-crash-report-info-v1\0.2.24+78d798af4f\fabric-crash-report-info-v1-0.2.24+78d798af4f.jar
[Architectury Transformer DEBUG]  - E:\GitHub\cosmic_jewlery\.gradle\loom-cache\remapped_mods\loom_mappings_1_20_4_layered_hash_40545_v2\net\fabricmc\fabric-api\fabric-game-rule-api-v1\1.0.47+78d798af4f\fabric-game-rule-api-v1-1.0.47+78d798af4f.jar
[Architectury Transformer DEBUG]  - E:\GitHub\cosmic_jewlery\.gradle\loom-cache\remapped_mods\loom_mappings_1_20_4_layered_hash_40545_v2\net\fabricmc\fabric-api\fabric-keybindings-v0\0.2.40+df3654b34f\fabric-keybindings-v0-0.2.40+df3654b34f.jar
[Architectury Transformer DEBUG]  - E:\GitHub\cosmic_jewlery\.gradle\loom-cache\remapped_mods\loom_mappings_1_20_4_layered_hash_40545_v2\net\fabricmc\fabric-api\fabric-key-binding-api-v1\1.0.42+78d798af4f\fabric-key-binding-api-v1-1.0.42+78d798af4f.jar
[Architectury Transformer DEBUG]  - E:\GitHub\cosmic_jewlery\.gradle\loom-cache\remapped_mods\loom_mappings_1_20_4_layered_hash_40545_v2\net\fabricmc\fabric-api\fabric-resource-conditions-api-v1\2.3.15+78d798af4f\fabric-resource-conditions-api-v1-2.3.15+78d798af4f.jar
[Architectury Transformer DEBUG]  - E:\GitHub\cosmic_jewlery\.gradle\loom-cache\remapped_mods\loom_mappings_1_20_4_layered_hash_40545_v2\net\fabricmc\fabric-api\fabric-resource-loader-v0\0.11.21+ee30b13a4f\fabric-resource-loader-v0-0.11.21+ee30b13a4f.jar
[Architectury Transformer DEBUG]  - E:\GitHub\cosmic_jewlery\.gradle\loom-cache\remapped_mods\loom_mappings_1_20_4_layered_hash_40545_v2\net\fabricmc\fabric-api\fabric-sound-api-v1\1.0.18+78d798af4f\fabric-sound-api-v1-1.0.18+78d798af4f.jar
[Architectury Transformer DEBUG]  - E:\GitHub\cosmic_jewlery\.gradle\loom-cache\remapped_mods\loom_mappings_1_20_4_layered_hash_40545_v2\net\fabricmc\fabric-api\fabric-transitive-access-wideners-v1\5.0.15+78d798af4f\fabric-transitive-access-wideners-v1-5.0.15+78d798af4f.jar
[Architectury Transformer] Read classpath in 8.827 s
[Architectury Transformer DEBUG] Closed File Systems for E:\GitHub\cosmic_jewlery\common\build\devlibs\cosmic_jewelry-1.20.4-0.1-PreAlpha-dev.jar
[Architectury Transformer DEBUG] Transforming 5 transformer(s) from E:\GitHub\cosmic_jewlery\common\build\devlibs\cosmic_jewelry-1.20.4-0.1-PreAlpha-dev.jar to C:\Users\Usuario\AppData\Local\Temp\1471192913311935229.jar: 
[Architectury Transformer DEBUG]  - dev.architectury.transformer.transformers.RuntimeMixinRefmapDetector@5fcd892a
[Architectury Transformer DEBUG]  - dev.architectury.transformer.transformers.GenerateFakeFabricMod@8b87145
[Architectury Transformer DEBUG]  - dev.architectury.transformer.transformers.TransformExpectPlatform@6483f5ae
[Architectury Transformer DEBUG]  - dev.architectury.transformer.transformers.RemapInjectables@b9afc07
[Architectury Transformer DEBUG]  - dev.architectury.transformer.transformers.TransformPlatformOnly@382db087
[Architectury Transformer DEBUG] Transforming from E:\GitHub\cosmic_jewlery\common\build\devlibs\cosmic_jewelry-1.20.4-0.1-PreAlpha-dev.jar to C:\Users\Usuario\AppData\Local\Temp\1471192913311935229.jar with 5 transformer(s) on dev.architectury.transformer.handler.SimpleTransformerHandler
[Architectury Transformer DEBUG] Found class transformer
[Architectury Transformer DEBUG] Writing com/cosmic_jewelry/common/core/gem/GemFeature$registerAll$1$1 with maxs=true frames=true
[Architectury Transformer DEBUG] Writing com/cosmic_jewelry/common/core/gem/GemFeature with maxs=true frames=true
[Architectury Transformer DEBUG] Writing com/cosmic_jewelry/common/core/gem/GemType with maxs=true frames=true
[Architectury Transformer DEBUG] Writing com/cosmic_jewelry/common/registry/BlockRegistry$gemBlock$1 with maxs=true frames=true
[Architectury Transformer DEBUG] Writing com/cosmic_jewelry/common/registry/BlockRegistry$gemPillar$1 with maxs=true frames=true
[Architectury Transformer DEBUG] Writing com/cosmic_jewelry/common/registry/BlockRegistry$gemTiles$1 with maxs=true frames=true
[Architectury Transformer DEBUG] Writing com/cosmic_jewelry/common/registry/BlockRegistry with maxs=true frames=true
[Architectury Transformer DEBUG] Writing com/cosmic_jewelry/common/registry/GemTypeRegistry with maxs=true frames=true
[Architectury Transformer DEBUG] Writing com/cosmic_jewelry/common/registry/ItemRegistry$cutGemItem$1 with maxs=true frames=true
[Architectury Transformer DEBUG] Writing com/cosmic_jewelry/common/registry/ItemRegistry$gemBlockItem$1 with maxs=true frames=true
[Architectury Transformer DEBUG] Writing com/cosmic_jewelry/common/registry/ItemRegistry$gemPillarItem$1 with maxs=true frames=true
[Architectury Transformer DEBUG] Writing com/cosmic_jewelry/common/registry/ItemRegistry$gemTilesItem$1 with maxs=true frames=true
[Architectury Transformer DEBUG] Writing com/cosmic_jewelry/common/registry/ItemRegistry$rawGemItem$1 with maxs=true frames=true
[Architectury Transformer DEBUG] Writing com/cosmic_jewelry/common/registry/ItemRegistry with maxs=true frames=true
[Architectury Transformer DEBUG] Writing com/cosmic_jewelry/common/registry/TabRegistry with maxs=true frames=true
[Architectury Transformer DEBUG] Writing com/cosmic_jewelry/CosmicJewelry$registryManager$2 with maxs=true frames=true
[Architectury Transformer DEBUG] Writing com/cosmic_jewelry/CosmicJewelry with maxs=true frames=true
[Architectury Transformer DEBUG] Checking whether /cosmic_jewelry.mixins.json is a mixin config.
[Architectury Transformer DEBUG] Closed File Systems for C:\Users\Usuario\AppData\Local\Temp\1471192913311935229.jar
[Architectury Transformer] Listening at E:\GitHub\cosmic_jewlery\common\build\devlibs\cosmic_jewelry-1.20.4-0.1-PreAlpha-dev.jar
[Architectury Transformer DEBUG] Transforming from com/cosmic_jewelry/CosmicJewelry.class to com/cosmic_jewelry/CosmicJewelry.class with 5 transformer(s) on dev.architectury.transformer.handler.TinyRemapperPreparedTransformerHandler
[Architectury Transformer DEBUG] Found class transformer
[Architectury Transformer DEBUG] Writing com/cosmic_jewelry/CosmicJewelry with maxs=true frames=true
[Architectury Transformer DEBUG] Transformed com/cosmic_jewelry/CosmicJewelry in 13.28 ms
[Architectury Transformer DEBUG] Transforming from com/cosmic_jewelry/CosmicJewelry$registryManager$2.class to com/cosmic_jewelry/CosmicJewelry$registryManager$2.class with 5 transformer(s) on dev.architectury.transformer.handler.TinyRemapperPreparedTransformerHandler
[Architectury Transformer DEBUG] Found class transformer
[Architectury Transformer DEBUG] Writing com/cosmic_jewelry/CosmicJewelry$registryManager$2 with maxs=true frames=true
[Architectury Transformer DEBUG] Transformed com/cosmic_jewelry/CosmicJewelry$registryManager$2 in 2.449 ms
[Architectury Transformer DEBUG] Transforming from com/cosmic_jewelry/common/registry/BlockRegistry.class to com/cosmic_jewelry/common/registry/BlockRegistry.class with 5 transformer(s) on dev.architectury.transformer.handler.TinyRemapperPreparedTransformerHandler
[Architectury Transformer DEBUG] Found class transformer
[Architectury Transformer DEBUG] Writing com/cosmic_jewelry/common/registry/BlockRegistry with maxs=true frames=true
[Architectury Transformer DEBUG] Transformed com/cosmic_jewelry/common/registry/BlockRegistry in 2.624 ms
[Architectury Transformer DEBUG] Transforming from com/cosmic_jewelry/common/core/gem/GemFeature.class to com/cosmic_jewelry/common/core/gem/GemFeature.class with 5 transformer(s) on dev.architectury.transformer.handler.TinyRemapperPreparedTransformerHandler
[Architectury Transformer DEBUG] Found class transformer
[Architectury Transformer DEBUG] Writing com/cosmic_jewelry/common/core/gem/GemFeature with maxs=true frames=true
[Architectury Transformer DEBUG] Transformed com/cosmic_jewelry/common/core/gem/GemFeature in 21.53 ms
[Architectury Transformer DEBUG] Transforming from com/cosmic_jewelry/common/registry/BlockRegistry$gemBlock$1.class to com/cosmic_jewelry/common/registry/BlockRegistry$gemBlock$1.class with 5 transformer(s) on dev.architectury.transformer.handler.TinyRemapperPreparedTransformerHandler
[Architectury Transformer DEBUG] Found class transformer
[Architectury Transformer DEBUG] Writing com/cosmic_jewelry/common/registry/BlockRegistry$gemBlock$1 with maxs=true frames=true
[Architectury Transformer DEBUG] Transformed com/cosmic_jewelry/common/registry/BlockRegistry$gemBlock$1 in 2.184 ms
[Architectury Transformer DEBUG] Transforming from com/cosmic_jewelry/common/registry/GemTypeRegistry.class to com/cosmic_jewelry/common/registry/GemTypeRegistry.class with 5 transformer(s) on dev.architectury.transformer.handler.TinyRemapperPreparedTransformerHandler
[Architectury Transformer DEBUG] Found class transformer
[Architectury Transformer DEBUG] Writing com/cosmic_jewelry/common/registry/GemTypeRegistry with maxs=true frames=true
[Architectury Transformer DEBUG] Transformed com/cosmic_jewelry/common/registry/GemTypeRegistry in 6.541 ms
